  BaseObject.c
  CommonFunction.c
  game_map.c
  ImpTimer.c
  main.c
  MainObject.c
D:\Workspace\Project\F-Code\Game\JumpKingV2\MainObject.c(97,42): warning C4244: '=': conversion from 'float' to 'int', possible loss of data
D:\Workspace\Project\F-Code\Game\JumpKingV2\MainObject.c(98,42): warning C4244: '=': conversion from 'float' to 'int', possible loss of data
D:\Workspace\Project\F-Code\Game\JumpKingV2\MainObject.c(204,33): warning C4305: '+=': truncation from 'double' to 'float'
D:\Workspace\Project\F-Code\Game\JumpKingV2\MainObject.c(247,35): warning C4244: '=': conversion from 'float' to 'int', possible loss of data
D:\Workspace\Project\F-Code\Game\JumpKingV2\MainObject.c(255,35): warning C4244: '=': conversion from 'float' to 'int', possible loss of data
D:\Workspace\Project\F-Code\Game\JumpKingV2\MainObject.c(274,35): warning C4244: '=': conversion from 'float' to 'int', possible loss of data
D:\Workspace\Project\F-Code\Game\JumpKingV2\MainObject.c(275,59): warning C4244: '=': conversion from 'float' to 'int', possible loss of data
D:\Workspace\Project\F-Code\Game\JumpKingV2\MainObject.c(277,21): warning C4244: '=': conversion from 'float' to 'int', possible loss of data
D:\Workspace\Project\F-Code\Game\JumpKingV2\MainObject.c(278,38): warning C4244: '=': conversion from 'float' to 'int', possible loss of data
D:\Workspace\Project\F-Code\Game\JumpKingV2\MainObject.c(293,23): warning C4244: '=': conversion from 'int' to 'float', possible loss of data
D:\Workspace\Project\F-Code\Game\JumpKingV2\MainObject.c(311,29): warning C4244: '=': conversion from 'int' to 'float', possible loss of data
D:\Workspace\Project\F-Code\Game\JumpKingV2\MainObject.c(321,21): warning C4244: '=': conversion from 'float' to 'int', possible loss of data
D:\Workspace\Project\F-Code\Game\JumpKingV2\MainObject.c(322,33): warning C4244: '=': conversion from 'float' to 'int', possible loss of data
D:\Workspace\Project\F-Code\Game\JumpKingV2\MainObject.c(324,35): warning C4244: '=': conversion from 'float' to 'int', possible loss of data
D:\Workspace\Project\F-Code\Game\JumpKingV2\MainObject.c(325,60): warning C4244: '=': conversion from 'float' to 'int', possible loss of data
D:\Workspace\Project\F-Code\Game\JumpKingV2\MainObject.c(338,22): warning C4244: '=': conversion from 'int' to 'float', possible loss of data
D:\Workspace\Project\F-Code\Game\JumpKingV2\MainObject.c(358,28): warning C4244: '=': conversion from 'int' to 'float', possible loss of data
D:\Workspace\Project\F-Code\Game\JumpKingV2\MainObject.c(372,54): warning C4244: '=': conversion from 'int' to 'float', possible loss of data
  Generating Code...
  JumpKingV2.vcxproj -> D:\Workspace\Project\F-Code\Game\JumpKingV2\x64\Debug\JumpKingV2.exe
